<?xml version="1.0" encoding="UTF-8"?>
<!-- Generated by org.testng.reporters.JUnitReportReporter -->
<testsuite hostname="DESKTOP-TH085TJ" failures="0" tests="2" name="DataDoenloadFlows.Flow5" time="0.000" errors="0" timestamp="2023-08-04T18:26:54 IST" skipped="2">
  <testcase classname="DataDoenloadFlows.Flow5" name="login1" time="0.000">
    <skipped/>
  </testcase> <!-- login1 -->
  <system-out/>
  <testcase classname="DataDoenloadFlows.Flow5" name="dataDown" time="0.000">
    <skipped/>
  </testcase> <!-- dataDown -->
  <system-out/>
</testsuite> <!-- DataDoenloadFlows.Flow5 -->
