<?xml version="1.0" encoding="UTF-8"?>
<!-- Generated by org.testng.reporters.JUnitReportReporter -->
<testsuite hostname="DESKTOP-TH085TJ" failures="0" tests="2" name="TestScenarios.TestMethodManagement" time="115.989" errors="0" timestamp="2023-08-04T17:57:35 IST" skipped="0">
  <testcase classname="TestScenarios.TestMethodManagement" name="login1" time="1.427"/>
  <system-out/>
  <testcase classname="TestScenarios.TestMethodManagement" name="dataDown" time="114.562"/>
  <system-out/>
</testsuite> <!-- TestScenarios.TestMethodManagement -->
