<?xml version="1.0" encoding="UTF-8"?>
<!-- Generated by org.testng.reporters.JUnitReportReporter -->
<testsuite hostname="DESKTOP-TH085TJ" failures="0" tests="1" name="TestScenarios.TestMethodTelecaller" time="0.000" errors="0" timestamp="2023-08-04T12:13:04 IST" skipped="1">
  <testcase classname="TestScenarios.TestMethodTelecaller" name="login1" time="0.000">
    <skipped/>
  </testcase> <!-- login1 -->
  <system-out/>
</testsuite> <!-- TestScenarios.TestMethodTelecaller -->
